#
# There is insufficient memory for the Java Runtime Environment to continue.
# Native memory allocation (malloc) failed to allocate 867856 bytes. Error detail: Chunk::new
# Possible reasons:
#   The system is out of physical RAM or swap space
#   This process is running with CompressedOops enabled, and the Java Heap may be blocking the growth of the native heap
# Possible solutions:
#   Reduce memory load on the system
#   Increase physical memory or swap space
#   Check if swap backing store is full
#   Decrease Java heap size (-Xmx/-Xms)
#   Decrease number of Java threads
#   Decrease Java thread stack sizes (-Xss)
#   Set larger code cache with -XX:ReservedCodeCacheSize=
#   JVM is running with Zero Based Compressed Oops mode in which the Java heap is
#     placed in the first 32GB address space. The Java Heap base address is the
#     maximum limit for the native heap growth. Please use -XX:HeapBaseMinAddress
#     to set the Java Heap base and to place the Java Heap above 32GB virtual address.
# This output file may be truncated or incomplete.
#
#  Out of Memory Error (arena.cpp:149), pid=9780, tid=15176
#
# JRE version: Java(TM) SE Runtime Environment (23.0.1+11) (build 23.0.1+11-39)
# Java VM: Java HotSpot(TM) 64-Bit Server VM (23.0.1+11-39, mixed mode, sharing, tiered, compressed oops, compressed class ptrs, g1 gc, windows-amd64)
# No core dump will be written. Minidumps are not enabled by default on client versions of Windows
#

---------------  S U M M A R Y ------------

Command Line: -XX:MaxMetaspaceSize=4G -XX:ReservedCodeCacheSize=512m -XX:+HeapDumpOnOutOfMemoryError --add-opens=java.base/java.util=ALL-UNNAMED --add-opens=java.base/java.lang=ALL-UNNAMED --add-opens=java.base/java.lang.invoke=ALL-UNNAMED --add-opens=java.prefs/java.util.prefs=ALL-UNNAMED --add-exports=jdk.compiler/com.sun.tools.javac.api=ALL-UNNAMED --add-exports=jdk.compiler/com.sun.tools.javac.util=ALL-UNNAMED --add-opens=java.base/java.nio.charset=ALL-UNNAMED --add-opens=java.base/java.net=ALL-UNNAMED --add-opens=java.base/java.util.concurrent.atomic=ALL-UNNAMED -Xmx8G -Dfile.encoding=UTF-8 -Duser.country=ID -Duser.language=en -Duser.variant -javaagent:C:\Users\Varel\.gradle\wrapper\dists\gradle-8.10.2-all\7iv73wktx1xtkvlq19urqw1wm\gradle-8.10.2\lib\agents\gradle-instrumentation-agent-8.10.2.jar org.gradle.launcher.daemon.bootstrap.GradleDaemon 8.10.2

Host: 12th Gen Intel(R) Core(TM) i7-12650H, 16 cores, 15G,  Windows 11 , 64 bit Build 26100 (10.0.26100.3775)
Time: Fri May  9 03:03:33 2025 SE Asia Standard Time elapsed time: 1.564712 seconds (0d 0h 0m 1s)

---------------  T H R E A D  ---------------

Current thread (0x00000157b202f1d0):  JavaThread "C2 CompilerThread0" daemon [_thread_in_native, id=15176, stack(0x0000002689900000,0x0000002689a00000) (1024K)]


Current CompileTask:
C2:1564 3115   !   4       java.lang.ClassLoader::loadClass (121 bytes)

Stack: [0x0000002689900000,0x0000002689a00000]
Native frames: (J=compiled Java code, j=interpreted, Vv=VM code, C=native code)
V  [jvm.dll+0x6e08b9]  (no source info available)
V  [jvm.dll+0x87dc83]  (no source info available)
V  [jvm.dll+0x88010e]  (no source info available)
V  [jvm.dll+0x8807e3]  (no source info available)
V  [jvm.dll+0x27aee6]  (no source info available)
V  [jvm.dll+0xbc06f]  (no source info available)
V  [jvm.dll+0xbc2cb]  (no source info available)
V  [jvm.dll+0x3b3a62]  (no source info available)
V  [jvm.dll+0x1dc03c]  (no source info available)
V  [jvm.dll+0x244be5]  (no source info available)
V  [jvm.dll+0x243dff]  (no source info available)
V  [jvm.dll+0x1c33a0]  (no source info available)
V  [jvm.dll+0x253cf1]  (no source info available)
V  [jvm.dll+0x251faa]  (no source info available)
V  [jvm.dll+0x3ee036]  (no source info available)
V  [jvm.dll+0x824f8b]  (no source info available)
V  [jvm.dll+0x6df065]  (no source info available)
C  [ucrtbase.dll+0x37b0]  (no source info available)
C  [KERNEL32.DLL+0x2e8d7]  (no source info available)
C  [ntdll.dll+0xb14fc]  (no source info available)

Lock stack of current Java thread (top to bottom):


---------------  P R O C E S S  ---------------

Threads class SMR info:
_java_thread_list=0x00000157b88f9ae0, length=31, elements={
0x000001573a8a2470, 0x00000157b201e330, 0x00000157b201ee90, 0x00000157b2027710,
0x00000157b2028170, 0x00000157b2029b50, 0x00000157b202a5b0, 0x00000157b202f1d0,
0x00000157b203b260, 0x00000157b203c000, 0x00000157b2039720, 0x00000157b2152330,
0x00000157b2039050, 0x00000157b236cf90, 0x00000157b2039df0, 0x00000157b203a4c0,
0x00000157b2038980, 0x00000157b203ab90, 0x00000157b85946c0, 0x00000157b85e0df0,
0x00000157b84cfd80, 0x00000157b8694520, 0x00000157b8694bb0, 0x00000157b86965f0,
0x00000157b86958d0, 0x00000157b8695240, 0x00000157b8696c80, 0x00000157b8695f60,
0x00000157b8693800, 0x00000157b8693e90, 0x00000157b8a17b90
}

Java Threads: ( => current thread )
  0x000001573a8a2470 JavaThread "main"                              [_thread_blocked, id=15748, stack(0x0000002688b00000,0x0000002688c00000) (1024K)]
  0x00000157b201e330 JavaThread "Reference Handler"          daemon [_thread_blocked, id=21976, stack(0x0000002689300000,0x0000002689400000) (1024K)]
  0x00000157b201ee90 JavaThread "Finalizer"                  daemon [_thread_blocked, id=21852, stack(0x0000002689400000,0x0000002689500000) (1024K)]
  0x00000157b2027710 JavaThread "Signal Dispatcher"          daemon [_thread_blocked, id=23596, stack(0x0000002689500000,0x0000002689600000) (1024K)]
  0x00000157b2028170 JavaThread "Attach Listener"            daemon [_thread_blocked, id=20212, stack(0x0000002689600000,0x0000002689700000) (1024K)]
  0x00000157b2029b50 JavaThread "Service Thread"             daemon [_thread_blocked, id=15984, stack(0x0000002689700000,0x0000002689800000) (1024K)]
  0x00000157b202a5b0 JavaThread "Monitor Deflation Thread"   daemon [_thread_blocked, id=20564, stack(0x0000002689800000,0x0000002689900000) (1024K)]
=>0x00000157b202f1d0 JavaThread "C2 CompilerThread0"         daemon [_thread_in_native, id=15176, stack(0x0000002689900000,0x0000002689a00000) (1024K)]
  0x00000157b203b260 JavaThread "C1 CompilerThread0"         daemon [_thread_blocked, id=18008, stack(0x0000002689a00000,0x0000002689b00000) (1024K)]
  0x00000157b203c000 JavaThread "C1 CompilerThread1"         daemon [_thread_blocked, id=20420, stack(0x0000002689b00000,0x0000002689c00000) (1024K)]
  0x00000157b2039720 JavaThread "C1 CompilerThread2"         daemon [_thread_blocked, id=21260, stack(0x0000002689c00000,0x0000002689d00000) (1024K)]
  0x00000157b2152330 JavaThread "Common-Cleaner"             daemon [_thread_blocked, id=3956, stack(0x0000002689d00000,0x0000002689e00000) (1024K)]
  0x00000157b2039050 JavaThread "C2 CompilerThread1"         daemon [_thread_in_native, id=6444, stack(0x0000002689e00000,0x0000002689f00000) (1024K)]
  0x00000157b236cf90 JavaThread "Notification Thread"        daemon [_thread_blocked, id=24936, stack(0x0000002689f00000,0x000000268a000000) (1024K)]
  0x00000157b2039df0 JavaThread "C2 CompilerThread2"         daemon [_thread_in_native, id=18896, stack(0x000000268a000000,0x000000268a100000) (1024K)]
  0x00000157b203a4c0 JavaThread "C2 CompilerThread3"         daemon [_thread_blocked, id=3796, stack(0x000000268a100000,0x000000268a200000) (1024K)]
  0x00000157b2038980 JavaThread "C2 CompilerThread4"         daemon [_thread_blocked, id=19144, stack(0x000000268a200000,0x000000268a300000) (1024K)]
  0x00000157b203ab90 JavaThread "C1 CompilerThread3"         daemon [_thread_blocked, id=12240, stack(0x000000268a800000,0x000000268a900000) (1024K)]
  0x00000157b85946c0 JavaThread "Daemon health stats"               [_thread_blocked, id=20208, stack(0x000000268a900000,0x000000268aa00000) (1024K)]
  0x00000157b85e0df0 JavaThread "Incoming local TCP Connector on port 51974"        [_thread_in_native, id=14844, stack(0x000000268aa00000,0x000000268ab00000) (1024K)]
  0x00000157b84cfd80 JavaThread "Daemon periodic checks"            [_thread_blocked, id=27116, stack(0x000000268ab00000,0x000000268ac00000) (1024K)]
  0x00000157b8694520 JavaThread "Daemon"                            [_thread_blocked, id=22808, stack(0x000000268ac00000,0x000000268ad00000) (1024K)]
  0x00000157b8694bb0 JavaThread "Handler for socket connection from /127.0.0.1:51974 to /127.0.0.1:51975"        [_thread_in_native, id=16312, stack(0x000000268ad00000,0x000000268ae00000) (1024K)]
  0x00000157b86965f0 JavaThread "Cancel handler"                    [_thread_blocked, id=26652, stack(0x000000268ae00000,0x000000268af00000) (1024K)]
  0x00000157b86958d0 JavaThread "Daemon worker"                     [_thread_in_vm, id=6584, stack(0x000000268af00000,0x000000268b000000) (1024K)]
  0x00000157b8695240 JavaThread "Asynchronous log dispatcher for DefaultDaemonConnection: socket connection from /127.0.0.1:51974 to /127.0.0.1:51975"        [_thread_blocked, id=15724, stack(0x000000268b000000,0x000000268b100000) (1024K)]
  0x00000157b8696c80 JavaThread "Stdin handler"                     [_thread_blocked, id=27632, stack(0x000000268b100000,0x000000268b200000) (1024K)]
  0x00000157b8695f60 JavaThread "Daemon client event forwarder"        [_thread_blocked, id=27168, stack(0x000000268b200000,0x000000268b300000) (1024K)]
  0x00000157b8693800 JavaThread "Cache worker for journal cache (C:\Users\Varel\.gradle\caches\journal-1)"        [_thread_blocked, id=26804, stack(0x000000268b300000,0x000000268b400000) (1024K)]
  0x00000157b8693e90 JavaThread "File lock request listener"        [_thread_in_native, id=17212, stack(0x000000268b400000,0x000000268b500000) (1024K)]
  0x00000157b8a17b90 JavaThread "Cache worker for file hash cache (C:\Users\Varel\.gradle\caches\8.10.2\fileHashes)"        [_thread_blocked, id=26824, stack(0x000000268b500000,0x000000268b600000) (1024K)]
Total: 31

Other Threads:
  0x000001576de5e950 VMThread "VM Thread"                           [id=19600, stack(0x0000002689200000,0x0000002689300000) (1024K)]
  0x000001576de520e0 WatcherThread "VM Periodic Task Thread"        [id=19604, stack(0x0000002689100000,0x0000002689200000) (1024K)]
  0x000001573a94c7a0 WorkerThread "GC Thread#0"                     [id=18756, stack(0x0000002688c00000,0x0000002688d00000) (1024K)]
  0x00000157b2b63390 WorkerThread "GC Thread#1"                     [id=1948, stack(0x000000268a300000,0x000000268a400000) (1024K)]
  0x00000157b2b63740 WorkerThread "GC Thread#2"                     [id=18424, stack(0x000000268a400000,0x000000268a500000) (1024K)]
  0x00000157b2b64100 WorkerThread "GC Thread#3"                     [id=10540, stack(0x000000268a500000,0x000000268a600000) (1024K)]
  0x00000157b2b646c0 WorkerThread "GC Thread#4"                     [id=22700, stack(0x000000268a600000,0x000000268a700000) (1024K)]
  0x00000157b29be600 WorkerThread "GC Thread#5"                     [id=19988, stack(0x000000268a700000,0x000000268a800000) (1024K)]
  0x00000157b8302380 WorkerThread "GC Thread#6"                     [id=1536, stack(0x000000268b600000,0x000000268b700000) (1024K)]
  0x00000157b8302ae0 WorkerThread "GC Thread#7"                     [id=14740, stack(0x000000268b700000,0x000000268b800000) (1024K)]
  0x00000157b99da460 WorkerThread "GC Thread#8"                     [id=19292, stack(0x000000268b800000,0x000000268b900000) (1024K)]
  0x00000157b99d70c0 WorkerThread "GC Thread#9"                     [id=2708, stack(0x000000268b900000,0x000000268ba00000) (1024K)]
  0x00000157b99d95a0 WorkerThread "GC Thread#10"                    [id=6804, stack(0x000000268ba00000,0x000000268bb00000) (1024K)]
  0x00000157b99d9950 WorkerThread "GC Thread#11"                    [id=23104, stack(0x000000268bb00000,0x000000268bc00000) (1024K)]
  0x00000157b99d8330 WorkerThread "GC Thread#12"                    [id=17312, stack(0x000000268bc00000,0x000000268bd00000) (1024K)]
  0x000001573a95d6f0 ConcurrentGCThread "G1 Main Marker"            [id=23988, stack(0x0000002688d00000,0x0000002688e00000) (1024K)]
  0x000001573a95e110 WorkerThread "G1 Conc#0"                       [id=12948, stack(0x0000002688e00000,0x0000002688f00000) (1024K)]
  0x000001576dd22520 ConcurrentGCThread "G1 Refine#0"               [id=24272, stack(0x0000002688f00000,0x0000002689000000) (1024K)]
  0x000001576dd22e50 ConcurrentGCThread "G1 Service"                [id=24976, stack(0x0000002689000000,0x0000002689100000) (1024K)]
Total: 19

Threads with active compile tasks:
C2 CompilerThread0  1612 3115   !   4       java.lang.ClassLoader::loadClass (121 bytes)
C2 CompilerThread1  1612 3275   !   4       java.net.URLClassLoader::findClass (47 bytes)
C2 CompilerThread2  1612 3124       4       java.lang.invoke.MethodType::makeImpl (109 bytes)
Total: 3

VM state: not at safepoint (normal execution)

VM Mutex/Monitor currently owned by a thread: None

Heap address: 0x0000000600000000, size: 8192 MB, Compressed Oops mode: Zero based, Oop shift amount: 3

CDS archive(s) mapped at: [0x0000015771000000-0x0000015771d70000-0x0000015771d70000), size 14090240, SharedBaseAddress: 0x0000015771000000, ArchiveRelocationMode: 1.
Compressed class space mapped at: 0x0000015772000000-0x00000157b2000000, reserved size: 1073741824
Narrow klass base: 0x0000015771000000, Narrow klass shift: 0, Narrow klass range: 0x41000000

GC Precious Log:
 CardTable entry size: 512
 Card Set container configuration: InlinePtr #cards 4 size 8 Array Of Cards #cards 32 size 80 Howl #buckets 8 coarsen threshold 7372 Howl Bitmap #cards 1024 size 144 coarsen threshold 921 Card regions per heap region 1 cards per card region 8192
 CPUs: 16 total, 16 available
 Memory: 16087M
 Large Page Support: Disabled
 NUMA Support: Disabled
 Compressed Oops: Enabled (Zero based)
 Heap Region Size: 4M
 Heap Min Capacity: 8M
 Heap Initial Capacity: 252M
 Heap Max Capacity: 8G
 Pre-touch: Disabled
 Parallel Workers: 13
 Concurrent Workers: 3
 Concurrent Refinement Workers: 13
 Periodic GC: Disabled

Heap:
 garbage-first heap   total reserved 8388608K, committed 258048K, used 26664K [0x0000000600000000, 0x0000000800000000)
  region size 4096K, 5 young (20480K), 3 survivors (12288K)
 Metaspace       used 17402K, committed 17920K, reserved 1114112K
  class space    used 2480K, committed 2688K, reserved 1048576K

Heap Regions: E=young(eden), S=young(survivor), O=old, HS=humongous(starts), HC=humongous(continues), CS=collection set, F=free, TAMS=top-at-mark-start, PB=parsable bottom
|   0|0x0000000600000000, 0x0000000600400000, 0x0000000600400000|100%| O|  |TAMS 0x0000000600000000| PB 0x0000000600000000| Untracked |  0
|   1|0x0000000600400000, 0x0000000600800000, 0x0000000600800000|100%|HS|  |TAMS 0x0000000600400000| PB 0x0000000600400000| Complete |  0
|   2|0x0000000600800000, 0x0000000600b7d098, 0x0000000600c00000| 87%| O|  |TAMS 0x0000000600800000| PB 0x0000000600800000| Untracked |  0
|   3|0x0000000600c00000, 0x0000000600c00000, 0x0000000601000000|  0%| F|  |TAMS 0x0000000600c00000| PB 0x0000000600c00000| Untracked |  0
|   4|0x0000000601000000, 0x0000000601000000, 0x0000000601400000|  0%| F|  |TAMS 0x0000000601000000| PB 0x0000000601000000| Untracked |  0
|   5|0x0000000601400000, 0x0000000601400000, 0x0000000601800000|  0%| F|  |TAMS 0x0000000601400000| PB 0x0000000601400000| Untracked |  0
|   6|0x0000000601800000, 0x0000000601800000, 0x0000000601c00000|  0%| F|  |TAMS 0x0000000601800000| PB 0x0000000601800000| Untracked |  0
|   7|0x0000000601c00000, 0x0000000601c00000, 0x0000000602000000|  0%| F|  |TAMS 0x0000000601c00000| PB 0x0000000601c00000| Untracked |  0
|   8|0x0000000602000000, 0x0000000602000000, 0x0000000602400000|  0%| F|  |TAMS 0x0000000602000000| PB 0x0000000602000000| Untracked |  0
|   9|0x0000000602400000, 0x0000000602400000, 0x0000000602800000|  0%| F|  |TAMS 0x0000000602400000| PB 0x0000000602400000| Untracked |  0
|  10|0x0000000602800000, 0x0000000602800000, 0x0000000602c00000|  0%| F|  |TAMS 0x0000000602800000| PB 0x0000000602800000| Untracked |  0
|  11|0x0000000602c00000, 0x0000000602c00000, 0x0000000603000000|  0%| F|  |TAMS 0x0000000602c00000| PB 0x0000000602c00000| Untracked |  0
|  12|0x0000000603000000, 0x0000000603000000, 0x0000000603400000|  0%| F|  |TAMS 0x0000000603000000| PB 0x0000000603000000| Untracked |  0
|  13|0x0000000603400000, 0x0000000603400000, 0x0000000603800000|  0%| F|  |TAMS 0x0000000603400000| PB 0x0000000603400000| Untracked |  0
|  14|0x0000000603800000, 0x0000000603800000, 0x0000000603c00000|  0%| F|  |TAMS 0x0000000603800000| PB 0x0000000603800000| Untracked |  0
|  15|0x0000000603c00000, 0x0000000603c00000, 0x0000000604000000|  0%| F|  |TAMS 0x0000000603c00000| PB 0x0000000603c00000| Untracked |  0
|  16|0x0000000604000000, 0x0000000604000000, 0x0000000604400000|  0%| F|  |TAMS 0x0000000604000000| PB 0x0000000604000000| Untracked |  0
|  17|0x0000000604400000, 0x0000000604400000, 0x0000000604800000|  0%| F|  |TAMS 0x0000000604400000| PB 0x0000000604400000| Untracked |  0
|  18|0x0000000604800000, 0x0000000604800000, 0x0000000604c00000|  0%| F|  |TAMS 0x0000000604800000| PB 0x0000000604800000| Untracked |  0
|  19|0x0000000604c00000, 0x0000000604c00000, 0x0000000605000000|  0%| F|  |TAMS 0x0000000604c00000| PB 0x0000000604c00000| Untracked |  0
|  20|0x0000000605000000, 0x0000000605000000, 0x0000000605400000|  0%| F|  |TAMS 0x0000000605000000| PB 0x0000000605000000| Untracked |  0
|  21|0x0000000605400000, 0x0000000605400000, 0x0000000605800000|  0%| F|  |TAMS 0x0000000605400000| PB 0x0000000605400000| Untracked |  0
|  22|0x0000000605800000, 0x0000000605800000, 0x0000000605c00000|  0%| F|  |TAMS 0x0000000605800000| PB 0x0000000605800000| Untracked |  0
|  23|0x0000000605c00000, 0x0000000605c00000, 0x0000000606000000|  0%| F|  |TAMS 0x0000000605c00000| PB 0x0000000605c00000| Untracked |  0
|  24|0x0000000606000000, 0x0000000606000000, 0x0000000606400000|  0%| F|  |TAMS 0x0000000606000000| PB 0x0000000606000000| Untracked |  0
|  25|0x0000000606400000, 0x0000000606400000, 0x0000000606800000|  0%| F|  |TAMS 0x0000000606400000| PB 0x0000000606400000| Untracked |  0
|  26|0x0000000606800000, 0x0000000606800000, 0x0000000606c00000|  0%| F|  |TAMS 0x0000000606800000| PB 0x0000000606800000| Untracked |  0
|  27|0x0000000606c00000, 0x0000000606c00000, 0x0000000607000000|  0%| F|  |TAMS 0x0000000606c00000| PB 0x0000000606c00000| Untracked |  0
|  28|0x0000000607000000, 0x0000000607000000, 0x0000000607400000|  0%| F|  |TAMS 0x0000000607000000| PB 0x0000000607000000| Untracked |  0
|  29|0x0000000607400000, 0x0000000607400000, 0x0000000607800000|  0%| F|  |TAMS 0x0000000607400000| PB 0x0000000607400000| Untracked |  0
|  30|0x0000000607800000, 0x0000000607800000, 0x0000000607c00000|  0%| F|  |TAMS 0x0000000607800000| PB 0x0000000607800000| Untracked |  0
|  31|0x0000000607c00000, 0x0000000607c00000, 0x0000000608000000|  0%| F|  |TAMS 0x0000000607c00000| PB 0x0000000607c00000| Untracked |  0
|  32|0x0000000608000000, 0x0000000608000000, 0x0000000608400000|  0%| F|  |TAMS 0x0000000608000000| PB 0x0000000608000000| Untracked |  0
|  33|0x0000000608400000, 0x0000000608400000, 0x0000000608800000|  0%| F|  |TAMS 0x0000000608400000| PB 0x0000000608400000| Untracked |  0
|  34|0x0000000608800000, 0x0000000608800000, 0x0000000608c00000|  0%| F|  |TAMS 0x0000000608800000| PB 0x0000000608800000| Untracked |  0
|  35|0x0000000608c00000, 0x0000000608c00000, 0x0000000609000000|  0%| F|  |TAMS 0x0000000608c00000| PB 0x0000000608c00000| Untracked |  0
|  36|0x0000000609000000, 0x0000000609000000, 0x0000000609400000|  0%| F|  |TAMS 0x0000000609000000| PB 0x0000000609000000| Untracked |  0
|  37|0x0000000609400000, 0x0000000609400000, 0x0000000609800000|  0%| F|  |TAMS 0x0000000609400000| PB 0x0000000609400000| Untracked |  0
|  38|0x0000000609800000, 0x0000000609800000, 0x0000000609c00000|  0%| F|  |TAMS 0x0000000609800000| PB 0x0000000609800000| Untracked |  0
|  39|0x0000000609c00000, 0x0000000609c00000, 0x000000060a000000|  0%| F|  |TAMS 0x0000000609c00000| PB 0x0000000609c00000| Untracked |  0
|  40|0x000000060a000000, 0x000000060a000000, 0x000000060a400000|  0%| F|  |TAMS 0x000000060a000000| PB 0x000000060a000000| Untracked |  0
|  41|0x000000060a400000, 0x000000060a400000, 0x000000060a800000|  0%| F|  |TAMS 0x000000060a400000| PB 0x000000060a400000| Untracked |  0
|  42|0x000000060a800000, 0x000000060a800000, 0x000000060ac00000|  0%| F|  |TAMS 0x000000060a800000| PB 0x000000060a800000| Untracked |  0
|  43|0x000000060ac00000, 0x000000060ae8d340, 0x000000060b000000| 63%| S|CS|TAMS 0x000000060ac00000| PB 0x000000060ac00000| Complete |  0
|  44|0x000000060b000000, 0x000000060b400000, 0x000000060b400000|100%| S|CS|TAMS 0x000000060b000000| PB 0x000000060b000000| Complete |  0
|  45|0x000000060b400000, 0x000000060b800000, 0x000000060b800000|100%| S|CS|TAMS 0x000000060b400000| PB 0x000000060b400000| Complete |  0
|  46|0x000000060b800000, 0x000000060b800000, 0x000000060bc00000|  0%| F|  |TAMS 0x000000060b800000| PB 0x000000060b800000| Untracked |  0
|  47|0x000000060bc00000, 0x000000060bc00000, 0x000000060c000000|  0%| F|  |TAMS 0x000000060bc00000| PB 0x000000060bc00000| Untracked |  0
|  48|0x000000060c000000, 0x000000060c000000, 0x000000060c400000|  0%| F|  |TAMS 0x000000060c000000| PB 0x000000060c000000| Untracked |  0
|  49|0x000000060c400000, 0x000000060c400000, 0x000000060c800000|  0%| F|  |TAMS 0x000000060c400000| PB 0x000000060c400000| Untracked |  0
|  50|0x000000060c800000, 0x000000060c800000, 0x000000060cc00000|  0%| F|  |TAMS 0x000000060c800000| PB 0x000000060c800000| Untracked |  0
|  51|0x000000060cc00000, 0x000000060cc00000, 0x000000060d000000|  0%| F|  |TAMS 0x000000060cc00000| PB 0x000000060cc00000| Untracked |  0
|  52|0x000000060d000000, 0x000000060d000000, 0x000000060d400000|  0%| F|  |TAMS 0x000000060d000000| PB 0x000000060d000000| Untracked |  0
|  53|0x000000060d400000, 0x000000060d400000, 0x000000060d800000|  0%| F|  |TAMS 0x000000060d400000| PB 0x000000060d400000| Untracked |  0
|  54|0x000000060d800000, 0x000000060d800000, 0x000000060dc00000|  0%| F|  |TAMS 0x000000060d800000| PB 0x000000060d800000| Untracked |  0
|  55|0x000000060dc00000, 0x000000060dc00000, 0x000000060e000000|  0%| F|  |TAMS 0x000000060dc00000| PB 0x000000060dc00000| Untracked |  0
|  56|0x000000060e000000, 0x000000060e000000, 0x000000060e400000|  0%| F|  |TAMS 0x000000060e000000| PB 0x000000060e000000| Untracked |  0
|  57|0x000000060e400000, 0x000000060e400000, 0x000000060e800000|  0%| F|  |TAMS 0x000000060e400000| PB 0x000000060e400000| Untracked |  0
|  58|0x000000060e800000, 0x000000060e800000, 0x000000060ec00000|  0%| F|  |TAMS 0x000000060e800000| PB 0x000000060e800000| Untracked |  0
|  59|0x000000060ec00000, 0x000000060ec00000, 0x000000060f000000|  0%| F|  |TAMS 0x000000060ec00000| PB 0x000000060ec00000| Untracked |  0
|  60|0x000000060f000000, 0x000000060f06a4a0, 0x000000060f400000| 10%| E|  |TAMS 0x000000060f000000| PB 0x000000060f000000| Complete |  0
|  61|0x000000060f400000, 0x000000060f800000, 0x000000060f800000|100%| E|CS|TAMS 0x000000060f400000| PB 0x000000060f400000| Complete |  0
|  62|0x000000060f800000, 0x000000060fc00000, 0x000000060fc00000|100%| E|CS|TAMS 0x000000060f800000| PB 0x000000060f800000| Complete |  0

Card table byte_map: [0x0000015764b90000,0x0000015765b90000] _byte_map_base: 0x0000015761b90000

Marking Bits: (CMBitMap*) 0x000001573a94cdc0
 Bits: [0x0000015765b90000, 0x000001576db90000)

Polling page: 0x000001573a030000

Metaspace:

Usage:
  Non-class:     14.58 MB used.
      Class:      2.42 MB used.
       Both:     17.00 MB used.

Virtual space:
  Non-class space:       64.00 MB reserved,      14.94 MB ( 23%) committed,  1 nodes.
      Class space:        1.00 GB reserved,       2.62 MB ( <1%) committed,  1 nodes.
             Both:        1.06 GB reserved,      17.56 MB (  2%) committed. 

Chunk freelists:
   Non-Class:  496.00 KB
       Class:  13.38 MB
        Both:  13.86 MB

MaxMetaspaceSize: 4.00 GB
CompressedClassSpaceSize: 1.00 GB
Initial GC threshold: 21.00 MB
Current GC threshold: 21.00 MB
CDS: on
 - commit_granule_bytes: 65536.
 - commit_granule_words: 8192.
 - virtual_space_node_default_size: 8388608.
 - enlarge_chunks_in_place: 1.
 - use_allocation_guard: 0.


Internal statistics:

num_allocs_failed_limit: 0.
num_arena_births: 682.
num_arena_deaths: 0.
num_vsnodes_births: 2.
num_vsnodes_deaths: 0.
num_space_committed: 281.
num_space_uncommitted: 0.
num_chunks_returned_to_freelist: 0.
num_chunks_taken_from_freelist: 1278.
num_chunk_merges: 0.
num_chunk_splits: 846.
num_chunks_enlarged: 581.
num_inconsistent_stats: 0.

CodeHeap 'non-profiled nmethods': size=258496Kb used=1131Kb max_used=1131Kb free=257364Kb
 bounds [0x0000015753360000, 0x00000157535d0000, 0x0000015762fd0000]
CodeHeap 'profiled nmethods': size=258368Kb used=5022Kb max_used=5022Kb free=253345Kb
 bounds [0x0000015742fd0000, 0x00000157434c0000, 0x0000015752c20000]
CodeHeap 'non-nmethods': size=7424Kb used=3195Kb max_used=3225Kb free=4228Kb
 bounds [0x0000015752c20000, 0x0000015752f50000, 0x0000015753360000]
CodeCache: size=524288Kb, used=9348Kb, max_used=9378Kb, free=514937Kb
 total_blobs=3872, nmethods=3278, adapters=496, full_count=0
Compilation: enabled, stopped_count=0, restarted_count=0

Compilation events (20 events):
Event: 1.559 Thread 0x00000157b203c000 nmethod 3219 0x00000157434a5f88 code [0x00000157434a60a0, 0x00000157434a61e0]
Event: 1.559 Thread 0x00000157b203b260 nmethod 3218 0x00000157434a6288 code [0x00000157434a63e0, 0x00000157434a68a8]
Event: 1.560 Thread 0x00000157b203c000 3222       3       java.lang.invoke.BoundMethodHandle$Specializer$Factory::chooseFieldName (25 bytes)
Event: 1.560 Thread 0x00000157b203b260 3223       3       java.lang.invoke.ClassSpecializer$Factory::chooseFieldName (33 bytes)
Event: 1.560 Thread 0x00000157b2039720 3225       3       java.lang.invoke.LambdaForm$NamedFunction::<init> (10 bytes)
Event: 1.560 Thread 0x00000157b203ab90 3227       3       java.util.ArrayList::grow (60 bytes)
Event: 1.560 Thread 0x00000157b2039720 nmethod 3225 0x00000157434a6908 code [0x00000157434a6a40, 0x00000157434a6da8]
Event: 1.560 Thread 0x00000157b2039720 3226       3       java.lang.invoke.LambdaForm$Name::<init> (65 bytes)
Event: 1.560 Thread 0x00000157b203b260 nmethod 3223 0x00000157434a6e08 code [0x00000157434a6fe0, 0x00000157434a7790]
Event: 1.560 Thread 0x00000157b203ab90 nmethod 3227 0x00000157434a7808 code [0x00000157434a7980, 0x00000157434a7f90]
Event: 1.560 Thread 0x00000157b2039720 nmethod 3226 0x00000157434a8008 code [0x00000157434a8140, 0x00000157434a8348]
Event: 1.561 Thread 0x00000157b203c000 nmethod 3222 0x00000157434a8388 code [0x00000157434a85e0, 0x00000157434a9248]
Event: 1.561 Thread 0x00000157b203b260 3230       3       java.lang.invoke.MemberName::<init> (26 bytes)
Event: 1.561 Thread 0x00000157b2039720 3231       3       java.lang.invoke.MethodHandles$Lookup::resolveOrFail (47 bytes)
Event: 1.561 Thread 0x00000157b203ab90 3232       3       java.lang.invoke.LambdaFormBuffer::replaceFunctions (121 bytes)
Event: 1.561 Thread 0x00000157b203b260 nmethod 3230 0x00000157434a9308 code [0x00000157434a9460, 0x00000157434a96a8]
Event: 1.561 Thread 0x00000157b203ab90 nmethod 3232 0x00000157434a9708 code [0x00000157434a98e0, 0x00000157434aa278]
Event: 1.561 Thread 0x00000157b2039720 nmethod 3231 0x00000157434aa308 code [0x00000157434aa4e0, 0x00000157434aac90]
Event: 1.561 Thread 0x00000157b2039720 3235       3       java.lang.invoke.MethodHandles$Lookup::checkField (58 bytes)
Event: 1.562 Thread 0x00000157b2039720 nmethod 3235 0x00000157434aad08 code [0x00000157434aae80, 0x00000157434ab2b0]

GC Heap History (8 events):
Event: 0.232 GC heap before
{Heap before GC invocations=0 (full 0):
 garbage-first heap   total reserved 8388608K, committed 258048K, used 20480K [0x0000000600000000, 0x0000000800000000)
  region size 4096K, 6 young (24576K), 0 survivors (0K)
 Metaspace       used 1117K, committed 1216K, reserved 1114112K
  class space    used 78K, committed 128K, reserved 1048576K
}
Event: 0.234 GC heap after
{Heap after GC invocations=1 (full 0):
 garbage-first heap   total reserved 8388608K, committed 258048K, used 4640K [0x0000000600000000, 0x0000000800000000)
  region size 4096K, 1 young (4096K), 1 survivors (4096K)
 Metaspace       used 1117K, committed 1216K, reserved 1114112K
  class space    used 78K, committed 128K, reserved 1048576K
}
Event: 0.516 GC heap before
{Heap before GC invocations=1 (full 0):
 garbage-first heap   total reserved 8388608K, committed 258048K, used 29216K [0x0000000600000000, 0x0000000800000000)
  region size 4096K, 6 young (24576K), 1 survivors (4096K)
 Metaspace       used 4693K, committed 4864K, reserved 1114112K
  class space    used 596K, committed 704K, reserved 1048576K
}
Event: 0.519 GC heap after
{Heap after GC invocations=2 (full 0):
 garbage-first heap   total reserved 8388608K, committed 258048K, used 12093K [0x0000000600000000, 0x0000000800000000)
  region size 4096K, 1 young (4096K), 1 survivors (4096K)
 Metaspace       used 4693K, committed 4864K, reserved 1114112K
  class space    used 596K, committed 704K, reserved 1048576K
}
Event: 0.765 GC heap before
{Heap before GC invocations=2 (full 0):
 garbage-first heap   total reserved 8388608K, committed 258048K, used 57149K [0x0000000600000000, 0x0000000800000000)
  region size 4096K, 13 young (53248K), 1 survivors (4096K)
 Metaspace       used 4824K, committed 5056K, reserved 1114112K
  class space    used 598K, committed 704K, reserved 1048576K
}
Event: 0.768 GC heap after
{Heap after GC invocations=3 (full 0):
 garbage-first heap   total reserved 8388608K, committed 258048K, used 16984K [0x0000000600000000, 0x0000000800000000)
  region size 4096K, 2 young (8192K), 2 survivors (8192K)
 Metaspace       used 4824K, committed 5056K, reserved 1114112K
  class space    used 598K, committed 704K, reserved 1048576K
}
Event: 1.544 GC heap before
{Heap before GC invocations=3 (full 0):
 garbage-first heap   total reserved 8388608K, committed 258048K, used 74328K [0x0000000600000000, 0x0000000800000000)
  region size 4096K, 17 young (69632K), 2 survivors (8192K)
 Metaspace       used 16592K, committed 17088K, reserved 1114112K
  class space    used 2345K, committed 2560K, reserved 1048576K
}
Event: 1.549 GC heap after
{Heap after GC invocations=4 (full 0):
 garbage-first heap   total reserved 8388608K, committed 258048K, used 22568K [0x0000000600000000, 0x0000000800000000)
  region size 4096K, 3 young (12288K), 3 survivors (12288K)
 Metaspace       used 16592K, committed 17088K, reserved 1114112K
  class space    used 2345K, committed 2560K, reserved 1048576K
}

Dll operation events (15 events):
Event: 0.006 Loaded shared library C:\Program Files\Java\jdk-23\bin\java.dll
Event: 0.028 Loaded shared library C:\Program Files\Java\jdk-23\bin\jsvml.dll
Event: 0.051 Loaded shared library C:\Program Files\Java\jdk-23\bin\zip.dll
Event: 0.053 Loaded shared library C:\Program Files\Java\jdk-23\bin\instrument.dll
Event: 0.055 Loaded shared library C:\Program Files\Java\jdk-23\bin\net.dll
Event: 0.056 Loaded shared library C:\Program Files\Java\jdk-23\bin\nio.dll
Event: 0.057 Loaded shared library C:\Program Files\Java\jdk-23\bin\zip.dll
Event: 0.182 Loaded shared library C:\Program Files\Java\jdk-23\bin\jimage.dll
Event: 0.255 Loaded shared library C:\Program Files\Java\jdk-23\bin\verify.dll
Event: 0.358 Loaded shared library C:\Users\Varel\.gradle\native\c067742578af261105cb4f569cf0c3c89f3d7b1fecec35dd04571415982c5e48\windows-amd64\native-platform.dll
Event: 0.361 Loaded shared library C:\Users\Varel\.gradle\native\100fb08df4bc3b14c8652ba06237920a3bd2aa13389f12d3474272988ae205f9\windows-amd64\native-platform-file-events.dll
Event: 0.919 Loaded shared library C:\Program Files\Java\jdk-23\bin\management.dll
Event: 0.920 Loaded shared library C:\Program Files\Java\jdk-23\bin\management_ext.dll
Event: 1.041 Loaded shared library C:\Program Files\Java\jdk-23\bin\extnet.dll
Event: 1.140 Loaded shared library C:\Program Files\Java\jdk-23\bin\sunmscapi.dll

Deoptimization events (20 events):
Event: 1.469 Thread 0x00000157b86958d0 Uncommon trap: trap_request=0xffffff45 fr.pc=0x0000015753384064 relative=0x0000000000000b84
Event: 1.469 Thread 0x00000157b86958d0 Uncommon trap: reason=unstable_if action=reinterpret pc=0x0000015753384064 method=java.io.WinNTFileSystem.resolve(Ljava/lang/String;Ljava/lang/String;)Ljava/lang/String; @ 42 c2
Event: 1.469 Thread 0x00000157b86958d0 DEOPT PACKING pc=0x0000015753384064 sp=0x000000268affb370
Event: 1.469 Thread 0x00000157b86958d0 DEOPT UNPACKING pc=0x0000015752c74402 sp=0x000000268affb308 mode 2
Event: 1.470 Thread 0x00000157b86958d0 DEOPT PACKING pc=0x00000157430936b5 sp=0x000000268affadc0
Event: 1.470 Thread 0x00000157b86958d0 DEOPT UNPACKING pc=0x0000015752c74b22 sp=0x000000268affa258 mode 0
Event: 1.470 Thread 0x00000157b86958d0 Uncommon trap: trap_request=0xffffff45 fr.pc=0x00000157533d8a68 relative=0x00000000000005a8
Event: 1.470 Thread 0x00000157b86958d0 Uncommon trap: reason=unstable_if action=reinterpret pc=0x00000157533d8a68 method=java.io.File.getName()Ljava/lang/String; @ 16 c2
Event: 1.470 Thread 0x00000157b86958d0 DEOPT PACKING pc=0x00000157533d8a68 sp=0x000000268affb350
Event: 1.470 Thread 0x00000157b86958d0 DEOPT UNPACKING pc=0x0000015752c74402 sp=0x000000268affb320 mode 2
Event: 1.477 Thread 0x00000157b86958d0 DEOPT PACKING pc=0x00000157433c1c4e sp=0x000000268affa240
Event: 1.477 Thread 0x00000157b86958d0 DEOPT UNPACKING pc=0x0000015752c74b22 sp=0x000000268aff9750 mode 0
Event: 1.508 Thread 0x00000157b86958d0 Uncommon trap: trap_request=0xffffff45 fr.pc=0x0000015753389384 relative=0x00000000000000e4
Event: 1.508 Thread 0x00000157b86958d0 Uncommon trap: reason=unstable_if action=reinterpret pc=0x0000015753389384 method=java.util.HashMap.hash(Ljava/lang/Object;)I @ 1 c2
Event: 1.508 Thread 0x00000157b86958d0 DEOPT PACKING pc=0x0000015753389384 sp=0x000000268affc350
Event: 1.508 Thread 0x00000157b86958d0 DEOPT UNPACKING pc=0x0000015752c74402 sp=0x000000268affc290 mode 2
Event: 1.535 Thread 0x00000157b86958d0 Uncommon trap: trap_request=0xffffff45 fr.pc=0x0000015753464db0 relative=0x0000000000000570
Event: 1.535 Thread 0x00000157b86958d0 Uncommon trap: reason=unstable_if action=reinterpret pc=0x0000015753464db0 method=java.util.ArrayList.grow(I)[Ljava/lang/Object; @ 17 c2
Event: 1.535 Thread 0x00000157b86958d0 DEOPT PACKING pc=0x0000015753464db0 sp=0x000000268affd070
Event: 1.535 Thread 0x00000157b86958d0 DEOPT UNPACKING pc=0x0000015752c74402 sp=0x000000268affd028 mode 2

Classes loaded (20 events):
Event: 1.491 Loading class java/nio/file/FileVisitOption
Event: 1.491 Loading class java/nio/file/FileVisitOption done
Event: 1.495 Loading class java/util/stream/ReduceOps$1
Event: 1.495 Loading class java/util/stream/ReduceOps$1 done
Event: 1.495 Loading class java/util/stream/ReduceOps$1ReducingSink
Event: 1.495 Loading class java/util/stream/ReduceOps$1ReducingSink done
Event: 1.554 Loading class java/lang/invoke/BoundMethodHandle$Species_LLLLLLLLLLLLLL
Event: 1.554 Loading class java/lang/invoke/BoundMethodHandle$Species_LLLLLLLLLLLLLL done
Event: 1.556 Loading class java/lang/invoke/BoundMethodHandle$Species_LLLLLLLLLLLLLLL
Event: 1.556 Loading class java/lang/invoke/BoundMethodHandle$Species_LLLLLLLLLLLLLLL done
Event: 1.558 Loading class java/lang/invoke/BoundMethodHandle$Species_LLLLLLLLLLLLLLLL
Event: 1.558 Loading class java/lang/invoke/BoundMethodHandle$Species_LLLLLLLLLLLLLLLL done
Event: 1.559 Loading class java/lang/invoke/BoundMethodHandle$Species_LLLLLLLLLLLLLLLLL
Event: 1.559 Loading class java/lang/invoke/BoundMethodHandle$Species_LLLLLLLLLLLLLLLLL done
Event: 1.560 Loading class java/lang/invoke/BoundMethodHandle$Species_LLLLLLLLLLLLLLLLLL
Event: 1.560 Loading class java/lang/invoke/BoundMethodHandle$Species_LLLLLLLLLLLLLLLLLL done
Event: 1.561 Loading class java/lang/invoke/BoundMethodHandle$Species_LLLLLLLLLLLLLLLLLLL
Event: 1.561 Loading class java/lang/invoke/BoundMethodHandle$Species_LLLLLLLLLLLLLLLLLLL done
Event: 1.562 Loading class java/lang/invoke/BoundMethodHandle$Species_LLLLLLLLLLLLLLLLLLLL
Event: 1.562 Loading class java/lang/invoke/BoundMethodHandle$Species_LLLLLLLLLLLLLLLLLLLL done

Classes unloaded (0 events):
No events

Classes redefined (0 events):
No events

Internal exceptions (20 events):
Event: 1.343 Thread 0x00000157b86958d0 Exception <a 'java/lang/NoSuchMethodError'{0x000000060d32b618}: 'java.lang.Object java.lang.invoke.Invokers$Holder.invoker(java.lang.Object, java.lang.Object, java.lang.Object, java.lang.Object, java.lang.Object, java.lang.Object, java.lang.Object, java.lang.Object, java.lang.Object, java.lang.Object)'> (0x000000060d32b618) 
thrown [s\open\src\hotspot\share\interpreter\linkResolver.cpp, line 796]
Event: 1.385 Thread 0x00000157b86958d0 Exception <a 'java/lang/NoSuchMethodError'{0x000000060cf14080}: 'void java.lang.invoke.DirectMethodHandle$Holder.invokeVirtual(java.lang.Object, java.lang.Object, java.lang.Object, java.lang.Object, java.lang.Object)'> (0x000000060cf14080) 
thrown [s\open\src\hotspot\share\interpreter\linkResolver.cpp, line 796]
Event: 1.402 Thread 0x00000157b86958d0 Exception <a 'java/lang/NoSuchMethodError'{0x000000060c8c6b88}: 'void java.lang.invoke.DirectMethodHandle$Holder.invokeInterface(java.lang.Object, java.lang.Object)'> (0x000000060c8c6b88) 
thrown [s\open\src\hotspot\share\interpreter\linkResolver.cpp, line 796]
Event: 1.402 Thread 0x00000157b86958d0 Exception <a 'java/lang/IncompatibleClassChangeError'{0x000000060c8ca110}: Found class java.lang.Object, but interface was expected> (0x000000060c8ca110) 
thrown [s\open\src\hotspot\share\interpreter\linkResolver.cpp, line 863]
Event: 1.415 Thread 0x00000157b86958d0 Exception <a 'java/lang/NoSuchMethodError'{0x000000060c9ed258}: 'java.lang.Object java.lang.invoke.DirectMethodHandle$Holder.newInvokeSpecial(java.lang.Object, java.lang.Object, int)'> (0x000000060c9ed258) 
thrown [s\open\src\hotspot\share\interpreter\linkResolver.cpp, line 796]
Event: 1.424 Thread 0x00000157b86958d0 Exception <a 'java/lang/NoSuchMethodError'{0x000000060cb13528}: 'java.lang.Object java.lang.invoke.DirectMethodHandle$Holder.invokeVirtual(java.lang.Object, java.lang.Object, java.lang.Object, java.lang.Object, java.lang.Object, java.lang.Object, java.lang.Object, java.lang.Object)'> (0x000000060cb13528) 
thrown [s\open\src\hotspot\share\interpreter\linkResolver.cpp, line 796]
Event: 1.463 Thread 0x00000157b86958d0 Exception <a 'java/lang/NoSuchMethodError'{0x000000060be4df30}: 'java.lang.Object java.lang.invoke.Invokers$Holder.invoker(java.lang.Object, java.lang.Object)'> (0x000000060be4df30) 
thrown [s\open\src\hotspot\share\interpreter\linkResolver.cpp, line 796]
Event: 1.493 Thread 0x00000157b86958d0 Exception <a 'java/lang/NoSuchMethodError'{0x000000060b84ea30}: 'int java.lang.invoke.DirectMethodHandle$Holder.invokeSpecialIFC(java.lang.Object, java.lang.Object, java.lang.Object, java.lang.Object)'> (0x000000060b84ea30) 
thrown [s\open\src\hotspot\share\interpreter\linkResolver.cpp, line 796]
Event: 1.494 Thread 0x00000157b86958d0 Exception <a 'java/lang/NoSuchMethodError'{0x000000060b85c580}: 'java.lang.Object java.lang.invoke.DirectMethodHandle$Holder.invokeInterface(java.lang.Object, java.lang.Object, java.lang.Object)'> (0x000000060b85c580) 
thrown [s\open\src\hotspot\share\interpreter\linkResolver.cpp, line 796]
Event: 1.495 Thread 0x00000157b86958d0 Exception <a 'java/lang/IncompatibleClassChangeError'{0x000000060b8601a0}: Found class java.lang.Object, but interface was expected> (0x000000060b8601a0) 
thrown [s\open\src\hotspot\share\interpreter\linkResolver.cpp, line 863]
Event: 1.508 Thread 0x00000157b86958d0 Implicit null exception at 0x00000157533892d6 to 0x000001575338937a
Event: 1.516 Thread 0x00000157b86958d0 Exception <a 'java/lang/NoSuchMethodError'{0x000000060ba3e5c0}: 'int java.lang.invoke.DirectMethodHandle$Holder.invokeStatic(java.lang.Object, java.lang.Object, java.lang.Object, java.lang.Object)'> (0x000000060ba3e5c0) 
thrown [s\open\src\hotspot\share\interpreter\linkResolver.cpp, line 796]
Event: 1.552 Thread 0x00000157b86958d0 Exception <a 'java/lang/NoSuchMethodError'{0x000000060f9035b0}: 'java.lang.Object java.lang.invoke.DelegatingMethodHandle$Holder.reinvoke_L(java.lang.Object, java.lang.Object, java.lang.Object, java.lang.Object, java.lang.Object, java.lang.Object, java.lang.Object, java.lang.Object, java.lang.Object, java.lang.Object, java.lang.Object, java.lang.Object, java.lang.Object, java.lang.Object, java.lang.Object, java.lang.Object, java.lang.Object, java.lang.Object, java.lang.Object, java.lang.Object, java.lang.O
Event: 1.555 Thread 0x00000157b86958d0 Exception <a 'java/lang/NoSuchMethodError'{0x000000060f971448}: 'java.lang.Object java.lang.invoke.DirectMethodHandle$Holder.invokeStatic(java.lang.Object, java.lang.Object, java.lang.Object, java.lang.Object, java.lang.Object, java.lang.Object, java.lang.Object, java.lang.Object, java.lang.Object, java.lang.Object, java.lang.Object, java.lang.Object, java.lang.Object, java.lang.Object, java.lang.Object, java.lang.Object, java.lang.Object)'> (0x000000060f971448) 
thrown [s\open\src\hotspot\share\interprete
Event: 1.557 Thread 0x00000157b86958d0 Exception <a 'java/lang/NoSuchMethodError'{0x000000060f99a228}: 'java.lang.Object java.lang.invoke.DirectMethodHandle$Holder.invokeStatic(java.lang.Object, java.lang.Object, java.lang.Object, java.lang.Object, java.lang.Object, java.lang.Object, java.lang.Object, java.lang.Object, java.lang.Object, java.lang.Object, java.lang.Object, java.lang.Object, java.lang.Object, java.lang.Object, java.lang.Object, java.lang.Object, java.lang.Object, java.lang.Object)'> (0x000000060f99a228) 
thrown [s\open\src\hotspo
Event: 1.558 Thread 0x00000157b86958d0 Exception <a 'java/lang/NoSuchMethodError'{0x000000060f9c4308}: 'java.lang.Object java.lang.invoke.DirectMethodHandle$Holder.invokeStatic(java.lang.Object, java.lang.Object, java.lang.Object, java.lang.Object, java.lang.Object, java.lang.Object, java.lang.Object, java.lang.Object, java.lang.Object, java.lang.Object, java.lang.Object, java.lang.Object, java.lang.Object, java.lang.Object, java.lang.Object, java.lang.Object, java.lang.Object, java.lang.Object, java.lang.Object)'> (0x000000060f9c4308) 
thrown 
Event: 1.559 Thread 0x00000157b86958d0 Exception <a 'java/lang/NoSuchMethodError'{0x000000060fa2e540}: 'java.lang.Object java.lang.invoke.DirectMethodHandle$Holder.invokeStatic(java.lang.Object, java.lang.Object, java.lang.Object, java.lang.Object, java.lang.Object, java.lang.Object, java.lang.Object, java.lang.Object, java.lang.Object, java.lang.Object, java.lang.Object, java.lang.Object, java.lang.Object, java.lang.Object, java.lang.Object, java.lang.Object, java.lang.Object, java.lang.Object, java.lang.Object, java.lang.Object)'> (0x00000006
Event: 1.560 Thread 0x00000157b86958d0 Exception <a 'java/lang/NoSuchMethodError'{0x000000060fa5ac58}: 'java.lang.Object java.lang.invoke.DirectMethodHandle$Holder.invokeStatic(java.lang.Object, java.lang.Object, java.lang.Object, java.lang.Object, java.lang.Object, java.lang.Object, java.lang.Object, java.lang.Object, java.lang.Object, java.lang.Object, java.lang.Object, java.lang.Object, java.lang.Object, java.lang.Object, java.lang.Object, java.lang.Object, java.lang.Object, java.lang.Object, java.lang.Object, java.lang.Object, java.lang.Obj
Event: 1.561 Thread 0x00000157b86958d0 Exception <a 'java/lang/NoSuchMethodError'{0x000000060fa886b0}: 'java.lang.Object java.lang.invoke.DirectMethodHandle$Holder.invokeStatic(java.lang.Object, java.lang.Object, java.lang.Object, java.lang.Object, java.lang.Object, java.lang.Object, java.lang.Object, java.lang.Object, java.lang.Object, java.lang.Object, java.lang.Object, java.lang.Object, java.lang.Object, java.lang.Object, java.lang.Object, java.lang.Object, java.lang.Object, java.lang.Object, java.lang.Object, java.lang.Object, java.lang.Obj
Event: 1.562 Thread 0x00000157b86958d0 Exception <a 'java/lang/NoSuchMethodError'{0x000000060fab6988}: 'java.lang.Object java.lang.invoke.DirectMethodHandle$Holder.invokeStatic(java.lang.Object, java.lang.Object, java.lang.Object, java.lang.Object, java.lang.Object, java.lang.Object, java.lang.Object, java.lang.Object, java.lang.Object, java.lang.Object, java.lang.Object, java.lang.Object, java.lang.Object, java.lang.Object, java.lang.Object, java.lang.Object, java.lang.Object, java.lang.Object, java.lang.Object, java.lang.Object, java.lang.Obj

VM Operations (20 events):
Event: 0.936 Executing VM operation: HandshakeAllThreads (Deoptimize)
Event: 0.936 Executing VM operation: HandshakeAllThreads (Deoptimize) done
Event: 0.937 Executing VM operation: HandshakeAllThreads (Deoptimize)
Event: 0.937 Executing VM operation: HandshakeAllThreads (Deoptimize) done
Event: 0.937 Executing VM operation: HandshakeAllThreads (Deoptimize)
Event: 0.937 Executing VM operation: HandshakeAllThreads (Deoptimize) done
Event: 0.958 Executing VM operation: HandshakeAllThreads (Deoptimize)
Event: 0.958 Executing VM operation: HandshakeAllThreads (Deoptimize) done
Event: 0.975 Executing VM operation: HandshakeAllThreads (Deoptimize)
Event: 0.975 Executing VM operation: HandshakeAllThreads (Deoptimize) done
Event: 1.003 Executing VM operation: HandshakeAllThreads (Deoptimize)
Event: 1.003 Executing VM operation: HandshakeAllThreads (Deoptimize) done
Event: 1.030 Executing VM operation: HandshakeAllThreads (Deoptimize)
Event: 1.030 Executing VM operation: HandshakeAllThreads (Deoptimize) done
Event: 1.124 Executing VM operation: HandshakeAllThreads (Deoptimize)
Event: 1.124 Executing VM operation: HandshakeAllThreads (Deoptimize) done
Event: 1.414 Executing VM operation: HandshakeAllThreads (Deoptimize)
Event: 1.414 Executing VM operation: HandshakeAllThreads (Deoptimize) done
Event: 1.544 Executing VM operation: G1CollectForAllocation (G1 Evacuation Pause)
Event: 1.549 Executing VM operation: G1CollectForAllocation (G1 Evacuation Pause) done

Memory protections (0 events):
No events

Nmethod flushes (0 events):
No events

Events (20 events):
Event: 0.039 Thread 0x000001573a8a2470 Thread added: 0x00000157b2152330
Event: 0.046 Thread 0x00000157b203b260 Thread added: 0x00000157b2039050
Event: 0.065 Thread 0x000001573a8a2470 Thread added: 0x00000157b236cf90
Event: 0.181 Thread 0x00000157b202f1d0 Thread added: 0x00000157b2039df0
Event: 0.181 Thread 0x00000157b202f1d0 Thread added: 0x00000157b203a4c0
Event: 0.181 Thread 0x00000157b202f1d0 Thread added: 0x00000157b2038980
Event: 0.386 Thread 0x00000157b2039720 Thread added: 0x00000157b203ab90
Event: 0.938 Thread 0x000001573a8a2470 Thread added: 0x00000157b85946c0
Event: 1.067 Thread 0x000001573a8a2470 Thread added: 0x00000157b85e0df0
Event: 1.117 Thread 0x000001573a8a2470 Thread added: 0x00000157b84cfd80
Event: 1.150 Thread 0x00000157b85e0df0 Thread added: 0x00000157b8694520
Event: 1.152 Thread 0x00000157b8694520 Thread added: 0x00000157b8694bb0
Event: 1.178 Thread 0x00000157b8694520 Thread added: 0x00000157b86965f0
Event: 1.183 Thread 0x00000157b8694520 Thread added: 0x00000157b86958d0
Event: 1.189 Thread 0x00000157b86958d0 Thread added: 0x00000157b8695240
Event: 1.192 Thread 0x00000157b86958d0 Thread added: 0x00000157b8696c80
Event: 1.193 Thread 0x00000157b86958d0 Thread added: 0x00000157b8695f60
Event: 1.414 Thread 0x00000157b86958d0 Thread added: 0x00000157b8693800
Event: 1.420 Thread 0x00000157b86958d0 Thread added: 0x00000157b8693e90
Event: 1.442 Thread 0x00000157b86958d0 Thread added: 0x00000157b8a17b90


Dynamic libraries:
0x00007ff7f8000000 - 0x00007ff7f8010000 	C:\Program Files\Java\jdk-23\bin\java.exe
0x00007fff9ace0000 - 0x00007fff9af40000 	C:\Windows\SYSTEM32\ntdll.dll
0x00007fff9a440000 - 0x00007fff9a507000 	C:\Windows\System32\KERNEL32.DLL
0x00007fff98260000 - 0x00007fff9862a000 	C:\Windows\System32\KERNELBASE.dll
0x00007fff98700000 - 0x00007fff9884b000 	C:\Windows\System32\ucrtbase.dll
0x00007fff7d2c0000 - 0x00007fff7d2d7000 	C:\Program Files\Java\jdk-23\bin\jli.dll
0x00007fff8d920000 - 0x00007fff8d93b000 	C:\Program Files\Java\jdk-23\bin\VCRUNTIME140.dll
0x00007fff99f50000 - 0x00007fff9a11c000 	C:\Windows\System32\USER32.dll
0x00007fff7c6b0000 - 0x00007fff7c947000 	C:\Windows\WinSxS\amd64_microsoft.windows.common-controls_6595b64144ccf1df_6.0.26100.3624_none_3e086962e3345f24\COMCTL32.dll
0x00007fff98630000 - 0x00007fff98657000 	C:\Windows\System32\win32u.dll
0x00007fff9a6e0000 - 0x00007fff9a70a000 	C:\Windows\System32\GDI32.dll
0x00007fff9a580000 - 0x00007fff9a629000 	C:\Windows\System32\msvcrt.dll
0x00007fff98910000 - 0x00007fff98a41000 	C:\Windows\System32\gdi32full.dll
0x00007fff981b0000 - 0x00007fff98253000 	C:\Windows\System32\msvcp_win.dll
0x00007fff990a0000 - 0x00007fff990cf000 	C:\Windows\System32\IMM32.DLL
0x00007fff92410000 - 0x00007fff9241c000 	C:\Program Files\Java\jdk-23\bin\vcruntime140_1.dll
0x00007fff1f2c0000 - 0x00007fff1f34e000 	C:\Program Files\Java\jdk-23\bin\msvcp140.dll
0x00007ffef2400000 - 0x00007ffef314f000 	C:\Program Files\Java\jdk-23\bin\server\jvm.dll
0x00007fff9ab60000 - 0x00007fff9ac12000 	C:\Windows\System32\ADVAPI32.dll
0x00007fff9a630000 - 0x00007fff9a6d6000 	C:\Windows\System32\sechost.dll
0x00007fff98f80000 - 0x00007fff99096000 	C:\Windows\System32\RPCRT4.dll
0x00007fff9ac20000 - 0x00007fff9ac94000 	C:\Windows\System32\WS2_32.dll
0x00007fff96b10000 - 0x00007fff96b6e000 	C:\Windows\SYSTEM32\POWRPROF.dll
0x00007fff8c990000 - 0x00007fff8c99b000 	C:\Windows\SYSTEM32\VERSION.dll
0x00007fff8c9a0000 - 0x00007fff8c9d6000 	C:\Windows\SYSTEM32\WINMM.dll
0x00007fff96af0000 - 0x00007fff96b04000 	C:\Windows\SYSTEM32\UMPDC.dll
0x00007fff96df0000 - 0x00007fff96e0a000 	C:\Windows\SYSTEM32\kernel.appcore.dll
0x00007fff91300000 - 0x00007fff9130a000 	C:\Program Files\Java\jdk-23\bin\jimage.dll
0x00007fff95050000 - 0x00007fff95291000 	C:\Windows\SYSTEM32\DBGHELP.DLL
0x00007fff9a7d0000 - 0x00007fff9ab52000 	C:\Windows\System32\combase.dll
0x00007fff99da0000 - 0x00007fff99e76000 	C:\Windows\System32\OLEAUT32.dll
0x00007fff75bb0000 - 0x00007fff75be9000 	C:\Windows\SYSTEM32\dbgcore.DLL
0x00007fff98660000 - 0x00007fff986f9000 	C:\Windows\System32\bcryptPrimitives.dll
0x00007fff7ddc0000 - 0x00007fff7ddcf000 	C:\Program Files\Java\jdk-23\bin\instrument.dll
0x00007fff20490000 - 0x00007fff204ae000 	C:\Program Files\Java\jdk-23\bin\java.dll
0x00007fff9a120000 - 0x00007fff9a2b6000 	C:\Windows\System32\ole32.dll
0x00007fff99660000 - 0x00007fff99d89000 	C:\Windows\System32\SHELL32.dll
0x00007fff98040000 - 0x00007fff981a8000 	C:\Windows\System32\wintypes.dll
0x00007fff95b50000 - 0x00007fff963a2000 	C:\Windows\SYSTEM32\windows.storage.dll
0x00007fff9a320000 - 0x00007fff9a40d000 	C:\Windows\System32\SHCORE.dll
0x00007fff9a510000 - 0x00007fff9a574000 	C:\Windows\System32\shlwapi.dll
0x00007fff97dd0000 - 0x00007fff97dff000 	C:\Windows\SYSTEM32\profapi.dll
0x00007fff1f1e0000 - 0x00007fff1f2b7000 	C:\Program Files\Java\jdk-23\bin\jsvml.dll
0x00007fff1f1a0000 - 0x00007fff1f1b7000 	C:\Program Files\Java\jdk-23\bin\zip.dll
0x00007fff73e40000 - 0x00007fff73e50000 	C:\Program Files\Java\jdk-23\bin\net.dll
0x00007fff97310000 - 0x00007fff9737a000 	C:\Windows\system32\mswsock.dll
0x00007fff1f1c0000 - 0x00007fff1f1d6000 	C:\Program Files\Java\jdk-23\bin\nio.dll
0x00007fff6ed60000 - 0x00007fff6ed70000 	C:\Program Files\Java\jdk-23\bin\verify.dll
0x00007fff1f570000 - 0x00007fff1f597000 	C:\Users\Varel\.gradle\native\c067742578af261105cb4f569cf0c3c89f3d7b1fecec35dd04571415982c5e48\windows-amd64\native-platform.dll
0x00007fff03ac0000 - 0x00007fff03c04000 	C:\Users\Varel\.gradle\native\100fb08df4bc3b14c8652ba06237920a3bd2aa13389f12d3474272988ae205f9\windows-amd64\native-platform-file-events.dll
0x00007fff6d6d0000 - 0x00007fff6d6da000 	C:\Program Files\Java\jdk-23\bin\management.dll
0x00007fff6cf80000 - 0x00007fff6cf8b000 	C:\Program Files\Java\jdk-23\bin\management_ext.dll
0x00007fff9a430000 - 0x00007fff9a438000 	C:\Windows\System32\PSAPI.DLL
0x00007fff975b0000 - 0x00007fff975cc000 	C:\Windows\SYSTEM32\CRYPTSP.dll
0x00007fff96d50000 - 0x00007fff96d8a000 	C:\Windows\system32\rsaenh.dll
0x00007fff973b0000 - 0x00007fff973db000 	C:\Windows\SYSTEM32\USERENV.dll
0x00007fff97da0000 - 0x00007fff97dc6000 	C:\Windows\SYSTEM32\bcrypt.dll
0x00007fff975d0000 - 0x00007fff975dc000 	C:\Windows\SYSTEM32\CRYPTBASE.dll
0x00007fff96750000 - 0x00007fff96783000 	C:\Windows\SYSTEM32\IPHLPAPI.DLL
0x00007fff99d90000 - 0x00007fff99d9a000 	C:\Windows\System32\NSI.dll
0x00007fff6cd40000 - 0x00007fff6cd49000 	C:\Program Files\Java\jdk-23\bin\extnet.dll
0x00007fff83820000 - 0x00007fff8382e000 	C:\Program Files\Java\jdk-23\bin\sunmscapi.dll
0x00007fff97ec0000 - 0x00007fff98037000 	C:\Windows\System32\CRYPT32.dll
0x00007fff977b0000 - 0x00007fff977e0000 	C:\Windows\SYSTEM32\ncrypt.dll
0x00007fff97760000 - 0x00007fff9779f000 	C:\Windows\SYSTEM32\NTASN1.dll
0x00007fff77190000 - 0x00007fff77198000 	C:\Windows\system32\wshunix.dll

dbghelp: loaded successfully - version: 4.0.5 - missing functions: none
symbol engine: initialized successfully - sym options: 0x614 - pdb path: .;C:\Program Files\Java\jdk-23\bin;C:\Windows\SYSTEM32;C:\Windows\WinSxS\amd64_microsoft.windows.common-controls_6595b64144ccf1df_6.0.26100.3624_none_3e086962e3345f24;C:\Program Files\Java\jdk-23\bin\server;C:\Users\Varel\.gradle\native\c067742578af261105cb4f569cf0c3c89f3d7b1fecec35dd04571415982c5e48\windows-amd64;C:\Users\Varel\.gradle\native\100fb08df4bc3b14c8652ba06237920a3bd2aa13389f12d3474272988ae205f9\windows-amd64

VM Arguments:
jvm_args: -XX:MaxMetaspaceSize=4G -XX:ReservedCodeCacheSize=512m -XX:+HeapDumpOnOutOfMemoryError --add-opens=java.base/java.util=ALL-UNNAMED --add-opens=java.base/java.lang=ALL-UNNAMED --add-opens=java.base/java.lang.invoke=ALL-UNNAMED --add-opens=java.prefs/java.util.prefs=ALL-UNNAMED --add-exports=jdk.compiler/com.sun.tools.javac.api=ALL-UNNAMED --add-exports=jdk.compiler/com.sun.tools.javac.util=ALL-UNNAMED --add-opens=java.base/java.nio.charset=ALL-UNNAMED --add-opens=java.base/java.net=ALL-UNNAMED --add-opens=java.base/java.util.concurrent.atomic=ALL-UNNAMED -Xmx8G -Dfile.encoding=UTF-8 -Duser.country=ID -Duser.language=en -Duser.variant -javaagent:C:\Users\Varel\.gradle\wrapper\dists\gradle-8.10.2-all\7iv73wktx1xtkvlq19urqw1wm\gradle-8.10.2\lib\agents\gradle-instrumentation-agent-8.10.2.jar 
java_command: org.gradle.launcher.daemon.bootstrap.GradleDaemon 8.10.2
java_class_path (initial): C:\Users\Varel\.gradle\wrapper\dists\gradle-8.10.2-all\7iv73wktx1xtkvlq19urqw1wm\gradle-8.10.2\lib\gradle-daemon-main-8.10.2.jar
Launcher Type: SUN_STANDARD

[Global flags]
     intx CICompilerCount                          = 12                                        {product} {ergonomic}
     uint ConcGCThreads                            = 3                                         {product} {ergonomic}
     uint G1ConcRefinementThreads                  = 13                                        {product} {ergonomic}
   size_t G1HeapRegionSize                         = 4194304                                   {product} {ergonomic}
     bool HeapDumpOnOutOfMemoryError               = true                                   {manageable} {command line}
   size_t InitialHeapSize                          = 264241152                                 {product} {ergonomic}
   size_t MarkStackSize                            = 4194304                                   {product} {ergonomic}
   size_t MarkStackSizeMax                         = 536870912                                 {product} {ergonomic}
   size_t MaxHeapSize                              = 8589934592                                {product} {command line}
   size_t MaxMetaspaceSize                         = 4294967296                                {product} {command line}
   size_t MaxNewSize                               = 5150605312                                {product} {ergonomic}
   size_t MinHeapDeltaBytes                        = 4194304                                   {product} {ergonomic}
   size_t MinHeapSize                              = 8388608                                   {product} {ergonomic}
    uintx NonNMethodCodeHeapSize                   = 7602176                                {pd product} {ergonomic}
    uintx NonProfiledCodeHeapSize                  = 264699904                              {pd product} {ergonomic}
    uintx ProfiledCodeHeapSize                     = 264568832                              {pd product} {ergonomic}
    uintx ReservedCodeCacheSize                    = 536870912                              {pd product} {command line, ergonomic}
     bool SegmentedCodeCache                       = true                                      {product} {ergonomic}
   size_t SoftMaxHeapSize                          = 8589934592                             {manageable} {ergonomic}
     bool UseCompressedOops                        = true                           {product lp64_product} {ergonomic}
     bool UseG1GC                                  = true                                      {product} {ergonomic}
     bool UseLargePagesIndividualAllocation        = false                                  {pd product} {ergonomic}

Logging:
Log output configuration:
 #0: stdout all=warning uptime,level,tags foldmultilines=false
 #1: stderr all=off uptime,level,tags foldmultilines=false

Environment Variables:
JAVA_HOME=C:\Program Files\Java\jdk-23
CLASSPATH=C:\Users\Varel\comental\android\\gradle\wrapper\gradle-wrapper.jar
PATH=C:\Program Files\Common Files\Oracle\Java\javapath;C:\Windows\system32;C:\Windows;C:\Windows\System32\Wbem;C:\Windows\System32\WindowsPowerShell\v1.0\;C:\Windows\System32\OpenSSH\;C:\Program Files\NVIDIA Corporation\NVIDIA app\NvDLISR;C:\Program Files (x86)\NVIDIA Corporation\PhysX\Common;C:\Program Files\apache-maven-3.9.9\bin;C:\Program Files\MariaDB\MariaDB Connector C 64-bit\lib\;C:\Program Files\MariaDB\MariaDB Connector C 64-bit\lib\plugin\;C:\xampp\php;C:\ProgramData\ComposerSetup\bin;C:\Users\Varel\Documents\flutter\bin;C:\Program Files\Git\cmd;C:\src\flutter\bin;C:\Users\Varel\AppData\Local\Microsoft\WindowsApps;C:\Users\Varel\AppData\Local\Programs\Microsoft VS Code\bin;C:\Users\Varel\AppData\Local\JetBrains\WebStorm 2024.3.1.1\bin;;C:\Users\Varel\AppData\Roaming\Composer\vendor\bin;C:\src\flutter\bin;
USERNAME=Varel
OS=Windows_NT
PROCESSOR_IDENTIFIER=Intel64 Family 6 Model 154 Stepping 3, GenuineIntel
TMP=C:\Users\Varel\AppData\Local\Temp
TEMP=C:\Users\Varel\AppData\Local\Temp




Periodic native trim disabled

---------------  S Y S T E M  ---------------

OS:
 Windows 11 , 64 bit Build 26100 (10.0.26100.3775)
OS uptime: 2 days 1:42 hours
Hyper-V role detected

CPU: total 16 (initial active 16) (8 cores per cpu, 2 threads per core) family 6 model 154 stepping 3 microcode 0x424, cx8, cmov, fxsr, ht, mmx, 3dnowpref, sse, sse2, sse3, ssse3, sse4.1, sse4.2, popcnt, lzcnt, tsc, tscinvbit, avx, avx2, aes, erms, clmul, bmi1, bmi2, adx, sha, fma, vzeroupper, clflush, clflushopt, clwb, hv, serialize, rdtscp, rdpid, fsrm, gfni, f16c, cet_ibt, cet_ss
Processor Information for the first 16 processors :
  Max Mhz: 2300, Current Mhz: 2300, Mhz Limit: 2300

Memory: 4k page, system-wide physical 16087M (1448M free)
TotalPageFile size 26245M (AvailPageFile size 10M)
current process WorkingSet (physical memory assigned to process): 221M, peak: 222M
current process commit charge ("private bytes"): 441M, peak: 442M

vm_info: Java HotSpot(TM) 64-Bit Server VM (23.0.1+11-39) for windows-amd64 JRE (23.0.1+11-39), built on 2024-09-30T07:20:43Z with MS VC++ 17.6 (VS2022)

END.
